C:\Program Files (x86)\Microsoft Visual Studio\2017\Community\Common7\IDE\VC\VCTargets\Microsoft.CppBuild.targets(387,5): warning MSB8028: El directorio intermedio (Debug\) contiene archivos compartidos de otro proyecto (taolu.vcxproj). Esto puede dar lugar a un comportamiento incorrecto de limpieza y recompilación.
  Classifier.cpp
Classifier.cpp(57): warning C4996: 'fopen': This function or variable may be unsafe. Consider using fopen_s instead. To disable deprecation, use _CRT_SECURE_NO_WARNINGS. See online help for details.
  C:\Program Files (x86)\Windows Kits\10\Include\10.0.15063.0\ucrt\stdio.h(207): note: vea la declaración de 'fopen'
Classifier.cpp(73): warning C4996: 'strtok': This function or variable may be unsafe. Consider using strtok_s instead. To disable deprecation, use _CRT_SECURE_NO_WARNINGS. See online help for details.
  C:\Program Files (x86)\Windows Kits\10\Include\10.0.15063.0\ucrt\string.h(439): note: vea la declaración de 'strtok'
Classifier.cpp(78): warning C4996: 'strtok': This function or variable may be unsafe. Consider using strtok_s instead. To disable deprecation, use _CRT_SECURE_NO_WARNINGS. See online help for details.
  C:\Program Files (x86)\Windows Kits\10\Include\10.0.15063.0\ucrt\string.h(439): note: vea la declaración de 'strtok'
Classifier.cpp(99): warning C4996: 'strtok': This function or variable may be unsafe. Consider using strtok_s instead. To disable deprecation, use _CRT_SECURE_NO_WARNINGS. See online help for details.
  C:\Program Files (x86)\Windows Kits\10\Include\10.0.15063.0\ucrt\string.h(439): note: vea la declaración de 'strtok'
Classifier.cpp(109): warning C4996: 'strtok': This function or variable may be unsafe. Consider using strtok_s instead. To disable deprecation, use _CRT_SECURE_NO_WARNINGS. See online help for details.
  C:\Program Files (x86)\Windows Kits\10\Include\10.0.15063.0\ucrt\string.h(439): note: vea la declaración de 'strtok'
Classifier.cpp(110): warning C4996: 'strtok': This function or variable may be unsafe. Consider using strtok_s instead. To disable deprecation, use _CRT_SECURE_NO_WARNINGS. See online help for details.
  C:\Program Files (x86)\Windows Kits\10\Include\10.0.15063.0\ucrt\string.h(439): note: vea la declaración de 'strtok'
Classifier.cpp(177): warning C4101: 'i': variable local sin referencia
  Connect2Kinect.cpp
  DBhandle.cpp
DBhandle.cpp(338): warning C4018: '<': no coinciden signed/unsigned
DBhandle.cpp(346): warning C4244: 'argumento': conversión de 'double' a 'float'; posible pérdida de datos
DBhandle.cpp(351): warning C4244: 'argumento': conversión de 'double' a 'float'; posible pérdida de datos
DBhandle.cpp(356): warning C4244: 'argumento': conversión de 'double' a 'float'; posible pérdida de datos
DBhandle.cpp(361): warning C4244: 'argumento': conversión de 'double' a 'float'; posible pérdida de datos
DBhandle.cpp(366): warning C4244: 'argumento': conversión de 'double' a 'float'; posible pérdida de datos
DBhandle.cpp(371): warning C4244: 'argumento': conversión de 'double' a 'float'; posible pérdida de datos
DBhandle.cpp(376): warning C4244: 'argumento': conversión de 'double' a 'float'; posible pérdida de datos
DBhandle.cpp(381): warning C4244: 'argumento': conversión de 'double' a 'float'; posible pérdida de datos
DBhandle.cpp(386): warning C4244: 'argumento': conversión de 'double' a 'float'; posible pérdida de datos
DBhandle.cpp(391): warning C4244: 'argumento': conversión de 'double' a 'float'; posible pérdida de datos
DBhandle.cpp(396): warning C4244: 'argumento': conversión de 'double' a 'float'; posible pérdida de datos
DBhandle.cpp(401): warning C4244: 'argumento': conversión de 'double' a 'float'; posible pérdida de datos
DBhandle.cpp(406): warning C4244: 'argumento': conversión de 'double' a 'float'; posible pérdida de datos
DBhandle.cpp(446): warning C4018: '<': no coinciden signed/unsigned
  main.cpp
  svm.cpp
svm.cpp(53): warning C4996: 'vsprintf': This function or variable may be unsafe. Consider using vsprintf_s instead. To disable deprecation, use _CRT_SECURE_NO_WARNINGS. See online help for details.
  C:\Program Files (x86)\Windows Kits\10\Include\10.0.15063.0\ucrt\stdio.h(1467): note: vea la declaración de 'vsprintf'
svm.cpp(2649): warning C4996: 'fopen': This function or variable may be unsafe. Consider using fopen_s instead. To disable deprecation, use _CRT_SECURE_NO_WARNINGS. See online help for details.
  C:\Program Files (x86)\Windows Kits\10\Include\10.0.15063.0\ucrt\stdio.h(207): note: vea la declaración de 'fopen'
svm.cpp(2654): warning C4996: 'strdup': The POSIX name for this item is deprecated. Instead, use the ISO C and C++ conformant name: _strdup. See online help for details.
  C:\Program Files (x86)\Windows Kits\10\Include\10.0.15063.0\ucrt\string.h(538): note: vea la declaración de 'strdup'
svm.cpp(2784): warning C4996: 'fscanf': This function or variable may be unsafe. Consider using fscanf_s instead. To disable deprecation, use _CRT_SECURE_NO_WARNINGS. See online help for details.
  C:\Program Files (x86)\Windows Kits\10\Include\10.0.15063.0\ucrt\stdio.h(1195): note: vea la declaración de 'fscanf'
svm.cpp(2788): warning C4996: 'fscanf': This function or variable may be unsafe. Consider using fscanf_s instead. To disable deprecation, use _CRT_SECURE_NO_WARNINGS. See online help for details.
  C:\Program Files (x86)\Windows Kits\10\Include\10.0.15063.0\ucrt\stdio.h(1195): note: vea la declaración de 'fscanf'
svm.cpp(2806): warning C4996: 'fscanf': This function or variable may be unsafe. Consider using fscanf_s instead. To disable deprecation, use _CRT_SECURE_NO_WARNINGS. See online help for details.
  C:\Program Files (x86)\Windows Kits\10\Include\10.0.15063.0\ucrt\stdio.h(1195): note: vea la declaración de 'fscanf'
svm.cpp(2823): warning C4996: 'fscanf': This function or variable may be unsafe. Consider using fscanf_s instead. To disable deprecation, use _CRT_SECURE_NO_WARNINGS. See online help for details.
  C:\Program Files (x86)\Windows Kits\10\Include\10.0.15063.0\ucrt\stdio.h(1195): note: vea la declaración de 'fscanf'
svm.cpp(2825): warning C4996: 'fscanf': This function or variable may be unsafe. Consider using fscanf_s instead. To disable deprecation, use _CRT_SECURE_NO_WARNINGS. See online help for details.
  C:\Program Files (x86)\Windows Kits\10\Include\10.0.15063.0\ucrt\stdio.h(1195): note: vea la declaración de 'fscanf'
svm.cpp(2827): warning C4996: 'fscanf': This function or variable may be unsafe. Consider using fscanf_s instead. To disable deprecation, use _CRT_SECURE_NO_WARNINGS. See online help for details.
  C:\Program Files (x86)\Windows Kits\10\Include\10.0.15063.0\ucrt\stdio.h(1195): note: vea la declaración de 'fscanf'
svm.cpp(2829): warning C4996: 'fscanf': This function or variable may be unsafe. Consider using fscanf_s instead. To disable deprecation, use _CRT_SECURE_NO_WARNINGS. See online help for details.
  C:\Program Files (x86)\Windows Kits\10\Include\10.0.15063.0\ucrt\stdio.h(1195): note: vea la declaración de 'fscanf'
svm.cpp(2831): warning C4996: 'fscanf': This function or variable may be unsafe. Consider using fscanf_s instead. To disable deprecation, use _CRT_SECURE_NO_WARNINGS. See online help for details.
  C:\Program Files (x86)\Windows Kits\10\Include\10.0.15063.0\ucrt\stdio.h(1195): note: vea la declaración de 'fscanf'
svm.cpp(2837): warning C4996: 'fscanf': This function or variable may be unsafe. Consider using fscanf_s instead. To disable deprecation, use _CRT_SECURE_NO_WARNINGS. See online help for details.
  C:\Program Files (x86)\Windows Kits\10\Include\10.0.15063.0\ucrt\stdio.h(1195): note: vea la declaración de 'fscanf'
svm.cpp(2844): warning C4996: 'fscanf': This function or variable may be unsafe. Consider using fscanf_s instead. To disable deprecation, use _CRT_SECURE_NO_WARNINGS. See online help for details.
  C:\Program Files (x86)\Windows Kits\10\Include\10.0.15063.0\ucrt\stdio.h(1195): note: vea la declaración de 'fscanf'
svm.cpp(2851): warning C4996: 'fscanf': This function or variable may be unsafe. Consider using fscanf_s instead. To disable deprecation, use _CRT_SECURE_NO_WARNINGS. See online help for details.
  C:\Program Files (x86)\Windows Kits\10\Include\10.0.15063.0\ucrt\stdio.h(1195): note: vea la declaración de 'fscanf'
svm.cpp(2858): warning C4996: 'fscanf': This function or variable may be unsafe. Consider using fscanf_s instead. To disable deprecation, use _CRT_SECURE_NO_WARNINGS. See online help for details.
  C:\Program Files (x86)\Windows Kits\10\Include\10.0.15063.0\ucrt\stdio.h(1195): note: vea la declaración de 'fscanf'
svm.cpp(2865): warning C4996: 'fscanf': This function or variable may be unsafe. Consider using fscanf_s instead. To disable deprecation, use _CRT_SECURE_NO_WARNINGS. See online help for details.
  C:\Program Files (x86)\Windows Kits\10\Include\10.0.15063.0\ucrt\stdio.h(1195): note: vea la declaración de 'fscanf'
svm.cpp(2889): warning C4996: 'fopen': This function or variable may be unsafe. Consider using fopen_s instead. To disable deprecation, use _CRT_SECURE_NO_WARNINGS. See online help for details.
  C:\Program Files (x86)\Windows Kits\10\Include\10.0.15063.0\ucrt\stdio.h(207): note: vea la declaración de 'fopen'
svm.cpp(2894): warning C4996: 'strdup': The POSIX name for this item is deprecated. Instead, use the ISO C and C++ conformant name: _strdup. See online help for details.
  C:\Program Files (x86)\Windows Kits\10\Include\10.0.15063.0\ucrt\string.h(538): note: vea la declaración de 'strdup'
svm.cpp(2932): warning C4996: 'strtok': This function or variable may be unsafe. Consider using strtok_s instead. To disable deprecation, use _CRT_SECURE_NO_WARNINGS. See online help for details.
  C:\Program Files (x86)\Windows Kits\10\Include\10.0.15063.0\ucrt\string.h(439): note: vea la declaración de 'strtok'
svm.cpp(2935): warning C4996: 'strtok': This function or variable may be unsafe. Consider using strtok_s instead. To disable deprecation, use _CRT_SECURE_NO_WARNINGS. See online help for details.
  C:\Program Files (x86)\Windows Kits\10\Include\10.0.15063.0\ucrt\string.h(439): note: vea la declaración de 'strtok'
svm.cpp(2961): warning C4996: 'strtok': This function or variable may be unsafe. Consider using strtok_s instead. To disable deprecation, use _CRT_SECURE_NO_WARNINGS. See online help for details.
  C:\Program Files (x86)\Windows Kits\10\Include\10.0.15063.0\ucrt\string.h(439): note: vea la declaración de 'strtok'
svm.cpp(2965): warning C4996: 'strtok': This function or variable may be unsafe. Consider using strtok_s instead. To disable deprecation, use _CRT_SECURE_NO_WARNINGS. See online help for details.
  C:\Program Files (x86)\Windows Kits\10\Include\10.0.15063.0\ucrt\string.h(439): note: vea la declaración de 'strtok'
svm.cpp(2971): warning C4996: 'strtok': This function or variable may be unsafe. Consider using strtok_s instead. To disable deprecation, use _CRT_SECURE_NO_WARNINGS. See online help for details.
  C:\Program Files (x86)\Windows Kits\10\Include\10.0.15063.0\ucrt\string.h(439): note: vea la declaración de 'strtok'
svm.cpp(2972): warning C4996: 'strtok': This function or variable may be unsafe. Consider using strtok_s instead. To disable deprecation, use _CRT_SECURE_NO_WARNINGS. See online help for details.
  C:\Program Files (x86)\Windows Kits\10\Include\10.0.15063.0\ucrt\string.h(439): note: vea la declaración de 'strtok'
  TestMode.cpp
  TrainingMode.cpp
  Utils.cpp
Utils.cpp(55): warning C4101: 'idx': variable local sin referencia
  Generando código...
c:\users\user\documents\git\taolu-enhancer-pf\project1\project1\utils.cpp(149): warning C4172: devolución de dirección de la variable local o temporal: a
c:\users\user\documents\git\taolu-enhancer-pf\project1\project1\svm.cpp(49): warning C4793: '`anonymous namespace'::info': función compilada como nativa :
  	varargs no admitidos en /clr
c:\users\user\documents\git\taolu-enhancer-pf\project1\project1\svm.cpp(52): warning C4793: '`anonymous namespace'::info': función compilada como nativa :
  	Se encontró un elemento intrínseco no admitido en código administrado
c:\users\user\documents\git\taolu-enhancer-pf\project1\project1\svm.cpp(54): warning C4793: '`anonymous namespace'::info': función compilada como nativa :
  	Se encontró un elemento intrínseco no admitido en código administrado
  .NETFramework,Version=v4.5.2.AssemblyAttributes.cpp
     Creando biblioteca C:\Users\user\Documents\Git\taolu-enhancer-pf\Project1\Debug\Project1.lib y objeto C:\Users\user\Documents\Git\taolu-enhancer-pf\Project1\Debug\Project1.exp
DBhandle.obj : warning LNK4248: sÝmbolo (token) de typeref sin resolver (01000017) para 'sqlite3'; no se puede ejecutar la imagen
  Project1.vcxproj -> C:\Users\user\Documents\Git\taolu-enhancer-pf\Project1\Debug\Project1.exe
