c:\users\julian\documents\git\taolu-enhancer-pf\project1\project1\debug\vc141.pdb
c:\users\julian\documents\git\taolu-enhancer-pf\project1\project1\debug\utils.obj
c:\users\julian\documents\git\taolu-enhancer-pf\project1\project1\debug\trainingmode.obj
c:\users\julian\documents\git\taolu-enhancer-pf\project1\project1\debug\testmode.obj
c:\users\julian\documents\git\taolu-enhancer-pf\project1\project1\debug\main.obj
c:\users\julian\documents\git\taolu-enhancer-pf\project1\project1\debug\dbhandle.obj
c:\users\julian\documents\git\taolu-enhancer-pf\project1\project1\debug\connect2kinect.obj
c:\users\julian\documents\git\taolu-enhancer-pf\project1\project1\debug\.netframework,version=v4.5.2.assemblyattributes.obj
c:\users\julian\documents\git\taolu-enhancer-pf\project1\project1\debug\.netframework,version=v4.5.2.assemblyattributes.asm
c:\users\julian\documents\git\taolu-enhancer-pf\project1\debug\project1.exe
c:\users\julian\documents\git\taolu-enhancer-pf\project1\debug\project1.pdb
c:\users\julian\documents\git\taolu-enhancer-pf\project1\project1\debug\project1.myform.resources
c:\users\julian\documents\git\taolu-enhancer-pf\project1\project1\debug\project1.testmode.resources
c:\users\julian\documents\git\taolu-enhancer-pf\project1\project1\debug\project1.trainingmode.resources
c:\users\julian\documents\git\taolu-enhancer-pf\project1\debug\project1.lib
c:\users\julian\documents\git\taolu-enhancer-pf\project1\debug\project1.exp
c:\users\julian\documents\git\taolu-enhancer-pf\project1\project1\debug\project1.vcxproj.generateresource.cache
c:\users\julian\documents\git\taolu-enhancer-pf\project1\project1\debug\project1.vcxprojresolveassemblyreference.cache
c:\users\julian\documents\git\taolu-enhancer-pf\project1\project1\debug\project1.tlog\cl.command.1.tlog
c:\users\julian\documents\git\taolu-enhancer-pf\project1\project1\debug\project1.tlog\cl.read.1.tlog
c:\users\julian\documents\git\taolu-enhancer-pf\project1\project1\debug\project1.tlog\cl.write.1.tlog
c:\users\julian\documents\git\taolu-enhancer-pf\project1\project1\debug\project1.tlog\link.command.1.tlog
c:\users\julian\documents\git\taolu-enhancer-pf\project1\project1\debug\project1.tlog\link.read.1.tlog
c:\users\julian\documents\git\taolu-enhancer-pf\project1\project1\debug\project1.tlog\link.write.1.tlog
c:\users\julian\documents\git\taolu-enhancer-pf\project1\project1\debug\project1.tlog\metagen.read.1.tlog
c:\users\julian\documents\git\taolu-enhancer-pf\project1\project1\debug\project1.tlog\metagen.write.1.tlog
c:\users\julian\documents\git\taolu-enhancer-pf\project1\project1\debug\project1.tlog\project1.write.1u.tlog
c:\users\julian\documents\git\taolu-enhancer-pf\project1\project1\debug\project1.tlog\tzres.dll.bi
