c:\users\julian\documents\visual studio 2017\projects\taolu-enhancer-pf-master\taolu-enhancer\serial\debug\vc141.pdb
c:\users\julian\documents\visual studio 2017\projects\taolu-enhancer-pf-master\taolu-enhancer\serial\debug\vc141.idb
c:\users\julian\documents\visual studio 2017\projects\taolu-enhancer-pf-master\taolu-enhancer\serial\debug\connect2kinect.obj
c:\users\julian\documents\visual studio 2017\projects\taolu-enhancer-pf-master\taolu-enhancer\serial\debug\dbhandle.obj
c:\users\julian\documents\visual studio 2017\projects\taolu-enhancer-pf-master\taolu-enhancer\serial\debug\utils.obj
c:\users\julian\documents\visual studio 2017\projects\taolu-enhancer-pf-master\taolu-enhancer\serial\debug\taolu.obj
c:\users\julian\documents\visual studio 2017\projects\taolu-enhancer-pf-master\taolu-enhancer\debug\serial.exe
c:\users\julian\documents\visual studio 2017\projects\taolu-enhancer-pf-master\taolu-enhancer\debug\serial.ilk
c:\users\julian\documents\visual studio 2017\projects\taolu-enhancer-pf-master\taolu-enhancer\debug\serial.pdb
c:\users\julian\documents\git\taolu-enhancer-pf\taolu-enhancer\serial\debug\connect2kinect.obj
c:\users\julian\documents\git\taolu-enhancer-pf\taolu-enhancer\serial\debug\dbhandle.obj
c:\users\julian\documents\git\taolu-enhancer-pf\taolu-enhancer\serial\debug\joints.obj
c:\users\julian\documents\git\taolu-enhancer-pf\taolu-enhancer\serial\debug\taolu.obj
c:\users\julian\documents\git\taolu-enhancer-pf\taolu-enhancer\serial\debug\utils.obj
c:\users\julian\documents\git\taolu-enhancer-pf\taolu-enhancer\serial\debug\vc141.idb
c:\users\julian\documents\git\taolu-enhancer-pf\taolu-enhancer\serial\debug\vc141.pdb
c:\users\julian\documents\git\taolu-enhancer-pf\taolu-enhancer\debug\serial.pdb
c:\users\julian\documents\git\taolu-enhancer-pf\taolu-enhancer\debug\serial.exe
c:\users\julian\documents\git\taolu-enhancer-pf\taolu-enhancer\debug\serial.ilk
c:\users\julian\documents\git\taolu-enhancer-pf\taolu-enhancer\serial\debug\serial.tlog\cl.command.1.tlog
c:\users\julian\documents\git\taolu-enhancer-pf\taolu-enhancer\serial\debug\serial.tlog\cl.read.1.tlog
c:\users\julian\documents\git\taolu-enhancer-pf\taolu-enhancer\serial\debug\serial.tlog\cl.write.1.tlog
c:\users\julian\documents\git\taolu-enhancer-pf\taolu-enhancer\serial\debug\serial.tlog\link-cvtres.read.1.tlog
c:\users\julian\documents\git\taolu-enhancer-pf\taolu-enhancer\serial\debug\serial.tlog\link-cvtres.write.1.tlog
c:\users\julian\documents\git\taolu-enhancer-pf\taolu-enhancer\serial\debug\serial.tlog\link-rc.read.1.tlog
c:\users\julian\documents\git\taolu-enhancer-pf\taolu-enhancer\serial\debug\serial.tlog\link-rc.write.1.tlog
c:\users\julian\documents\git\taolu-enhancer-pf\taolu-enhancer\serial\debug\serial.tlog\link.command.1.tlog
c:\users\julian\documents\git\taolu-enhancer-pf\taolu-enhancer\serial\debug\serial.tlog\link.read.1.tlog
c:\users\julian\documents\git\taolu-enhancer-pf\taolu-enhancer\serial\debug\serial.tlog\link.write.1.tlog
